<?xml version="1.0" encoding="UTF-8"?>
<testng-results ignored="0" total="1" passed="1" failed="0" skipped="0">
  <reporter-output>
    <line>
      <![CDATA[selenium last classes]]>
    </line>
  </reporter-output>
  <suite started-at="2022-08-02T16:30:31Z" name="Suite" finished-at="2022-08-02T16:30:31Z" duration-ms="59">
    <groups>
    </groups>
    <test started-at="2022-08-02T16:30:31Z" name="Test" finished-at="2022-08-02T16:30:31Z" duration-ms="59">
      <class name="com.test.actitime.selenium">
        <test-method signature="selen()[pri:0, instance:com.test.actitime.selenium@7a55af6b]" started-at="2022-08-02T16:30:31Z" name="selen" finished-at="2022-08-02T16:30:31Z" duration-ms="17" status="PASS">
          <reporter-output>
            <line>
              <![CDATA[selenium last classes]]>
            </line>
          </reporter-output>
        </test-method> <!-- selen -->
      </class> <!-- com.test.actitime.selenium -->
    </test> <!-- Test -->
  </suite> <!-- Suite -->
</testng-results>
