<?xml version="1.0" encoding="UTF-8"?>
<testng-results ignored="0" total="1" passed="1" failed="0" skipped="0">
  <reporter-output>
  </reporter-output>
  <suite started-at="2022-07-27T16:23:20Z" name="Default suite" finished-at="2022-07-27T16:24:04Z" duration-ms="44274">
    <groups>
    </groups>
    <test started-at="2022-07-27T16:23:20Z" name="Default test" finished-at="2022-07-27T16:24:04Z" duration-ms="44274">
      <class name="com.test.actitime.NewFacebookAccount">
        <test-method is-config="true" signature="setup()[pri:0, instance:com.test.actitime.NewFacebookAccount@632ceb35]" started-at="2022-07-27T16:23:20Z" name="setup" finished-at="2022-07-27T16:23:48Z" duration-ms="27973" status="PASS">
          <reporter-output>
          </reporter-output>
        </test-method> <!-- setup -->
        <test-method signature="newfb()[pri:0, instance:com.test.actitime.NewFacebookAccount@632ceb35]" started-at="2022-07-27T16:23:48Z" name="newfb" finished-at="2022-07-27T16:24:03Z" duration-ms="15578" status="PASS">
          <reporter-output>
          </reporter-output>
        </test-method> <!-- newfb -->
        <test-method is-config="true" signature="teardown()[pri:0, instance:com.test.actitime.NewFacebookAccount@632ceb35]" started-at="2022-07-27T16:24:03Z" name="teardown" finished-at="2022-07-27T16:24:04Z" duration-ms="681" status="PASS">
          <reporter-output>
          </reporter-output>
        </test-method> <!-- teardown -->
      </class> <!-- com.test.actitime.NewFacebookAccount -->
    </test> <!-- Default test -->
  </suite> <!-- Default suite -->
</testng-results>
